19:07:25.292 [main] DEBUG org.testng.TestNG - suiteXmlPath: "C:\Users\shc\eclipse-workspace\nopcommerce\testng.xml"
19:07:25.560 [main] INFO  org.testng.internal.Utils - [TestNG] Running:
  C:\Users\shc\eclipse-workspace\nopcommerce\testng.xml

19:07:40.552 [main] INFO  testCases.TC_001_Verify_Accont_Registration - *** Starting Account Registration *** 
19:07:41.112 [main] INFO  testCases.TC_001_Verify_Accont_Registration - *** Clicking Register Link *** 
19:07:41.112 [main] INFO  testCases.TC_001_Verify_Accont_Registration - *** Providing customer info for registration *** 
19:07:42.304 [main] INFO  testCases.TC_001_Verify_Accont_Registration - *** Click Register button to register *** 
19:07:42.349 [main] INFO  testCases.TC_001_Verify_Accont_Registration - *** Validate the confirmation msg *** 
19:07:42.877 [main] INFO  testCases.TC_001_Verify_Accont_Registration - *** Click Continue *** 
19:07:42.878 [main] INFO  testCases.TC_001_Verify_Accont_Registration - *** Ending of the Account Registration *** 
19:10:07.257 [main] DEBUG org.testng.TestNG - suiteXmlPath: "C:\Users\shc\eclipse-workspace\nopcommerce\testng.xml"
19:10:07.598 [main] INFO  org.testng.internal.Utils - [TestNG] Running:
  C:\Users\shc\eclipse-workspace\nopcommerce\testng.xml

19:10:23.004 [main] INFO  testCases.TC_001_Verify_Accont_Registration - *** Starting Account Registration *** 
19:10:23.729 [main] INFO  testCases.TC_001_Verify_Accont_Registration - *** Clicking Register Link *** 
19:10:23.729 [main] INFO  testCases.TC_001_Verify_Accont_Registration - *** Providing customer info for registration *** 
19:10:25.319 [main] INFO  testCases.TC_001_Verify_Accont_Registration - *** Click Register button to register *** 
19:10:25.367 [main] INFO  testCases.TC_001_Verify_Accont_Registration - *** Validate the confirmation msg *** 
19:10:25.888 [main] INFO  testCases.TC_001_Verify_Accont_Registration - *** Click Continue *** 
19:10:25.888 [main] INFO  testCases.TC_001_Verify_Accont_Registration - *** Ending of the Account Registration *** 
19:11:44.482 [main] DEBUG org.testng.TestNG - suiteXmlPath: "C:\Users\shc\eclipse-workspace\nopcommerce\testng.xml"
19:11:44.765 [main] INFO  org.testng.internal.Utils - [TestNG] Running:
  C:\Users\shc\eclipse-workspace\nopcommerce\testng.xml

19:11:44.839 [main] INFO  testCases.TC_001_Verify_Accont_Registration - *** Starting Account Registration *** 
19:11:44.863 [main] ERROR testCases.TC_001_Verify_Accont_Registration - Test failed
19:19:30.535 [main] DEBUG org.testng.TestNG - suiteXmlPath: "C:\Users\shc\eclipse-workspace\nopcommerce\crossBrowsingTest.xml"
19:19:30.845 [main] INFO  org.testng.internal.Utils - [TestNG] Running:
  C:\Users\shc\eclipse-workspace\nopcommerce\crossBrowsingTest.xml

19:19:35.929 [main] INFO  testCases.TC_001_Verify_Accont_Registration - *** Starting Account Registration *** 
19:19:37.431 [main] INFO  testCases.TC_001_Verify_Accont_Registration - *** Clicking Register Link *** 
19:19:37.431 [main] INFO  testCases.TC_001_Verify_Accont_Registration - *** Providing customer info for registration *** 
19:19:38.747 [main] INFO  testCases.TC_001_Verify_Accont_Registration - *** Click Register button to register *** 
19:19:38.780 [main] INFO  testCases.TC_001_Verify_Accont_Registration - *** Validate the confirmation msg *** 
19:19:39.372 [main] INFO  testCases.TC_001_Verify_Accont_Registration - *** Click Continue *** 
19:19:39.372 [main] INFO  testCases.TC_001_Verify_Accont_Registration - *** Ending of the Account Registration *** 
19:19:46.548 [main] INFO  testCases.TC_001_Verify_Accont_Registration - *** Starting Account Registration *** 
19:19:47.866 [main] INFO  testCases.TC_001_Verify_Accont_Registration - *** Clicking Register Link *** 
19:19:47.867 [main] INFO  testCases.TC_001_Verify_Accont_Registration - *** Providing customer info for registration *** 
19:19:49.389 [main] INFO  testCases.TC_001_Verify_Accont_Registration - *** Click Register button to register *** 
19:19:49.441 [main] INFO  testCases.TC_001_Verify_Accont_Registration - *** Validate the confirmation msg *** 
19:19:58.085 [main] INFO  testCases.TC_001_Verify_Accont_Registration - *** Click Continue *** 
19:19:58.085 [main] INFO  testCases.TC_001_Verify_Accont_Registration - *** Ending of the Account Registration *** 
19:21:05.053 [main] DEBUG org.testng.TestNG - suiteXmlPath: "C:\Users\shc\eclipse-workspace\nopcommerce\crossBrowsingTest.xml"
19:21:05.338 [main] INFO  org.testng.internal.Utils - [TestNG] Running:
  C:\Users\shc\eclipse-workspace\nopcommerce\crossBrowsingTest.xml

19:21:12.407 [TestNG-tests-2] INFO  testCases.TC_001_Verify_Accont_Registration - *** Starting Account Registration *** 
19:21:12.407 [TestNG-tests-1] INFO  testCases.TC_001_Verify_Accont_Registration - *** Starting Account Registration *** 
19:21:13.108 [TestNG-tests-2] INFO  testCases.TC_001_Verify_Accont_Registration - *** Clicking Register Link *** 
19:21:13.108 [TestNG-tests-2] INFO  testCases.TC_001_Verify_Accont_Registration - *** Providing customer info for registration *** 
